build/app/intermediates/manifest_merge_blame_file/debug/manifest-merger-blame-debug-report.txt
1<?xml version="1.0" encoding="utf-8"?>
2<manifest xmlns:android="http://schemas.android.com/apk/res/android"
3    package="com.bytx.firebasetest"
4    android:versionCode="1"
5    android:versionName="1.0.0" >
6
7    <uses-sdk
8        android:minSdkVersion="20"
9        android:targetSdkVersion="30" />
10    <!--
11         Flutter needs it to communicate with the running application
12         to allow setting breakpoints, to provide hot reload, etc.
13    -->
14    <uses-permission android:name="android.permission.INTERNET" />
14-->src\main\AndroidManifest.xml:8:5-66
14-->src\main\AndroidManifest.xml:8:22-64
15    <uses-permission android:name="android.permission.ACCESS_FINE_LOCATION" />
15-->src\main\AndroidManifest.xml:4:5-80
15-->src\main\AndroidManifest.xml:4:22-78
16    <uses-permission android:name="android.permission.ACCESS_COARSE_LOCATION" />
16-->src\main\AndroidManifest.xml:5:5-82
16-->src\main\AndroidManifest.xml:5:22-80
17    <uses-permission android:name="android.permission.FOREGROUND_SERVICE" />
17-->src\main\AndroidManifest.xml:6:5-77
17-->src\main\AndroidManifest.xml:6:22-74
18    <uses-permission android:name="android.permission.ACCESS_BACKGROUND_LOCATION" />
18-->src\main\AndroidManifest.xml:7:5-84
18-->src\main\AndroidManifest.xml:7:22-82
19    <uses-permission android:name="android.permission.WAKE_LOCK" />
19-->[:firebase_messaging] AndroidManifest.xml:8:5-68
19-->[:firebase_messaging] AndroidManifest.xml:8:22-65
20    <uses-permission android:name="android.permission.ACCESS_NETWORK_STATE" />
20-->[:firebase_messaging] AndroidManifest.xml:9:5-79
20-->[:firebase_messaging] AndroidManifest.xml:9:22-76
21    <uses-permission android:name="android.permission.RECEIVE_BOOT_COMPLETED" />
21-->[:flutter_local_notifications] AndroidManifest.xml:7:5-81
21-->[:flutter_local_notifications] AndroidManifest.xml:7:22-78
22    <uses-permission android:name="android.permission.VIBRATE" />
22-->[:flutter_local_notifications] AndroidManifest.xml:8:5-66
22-->[:flutter_local_notifications] AndroidManifest.xml:8:22-63
23    <uses-permission android:name="android.permission.USE_FULL_SCREEN_INTENT" /> <!-- Required by older versions of Google Play services to create IID tokens -->
23-->[:flutter_local_notifications] AndroidManifest.xml:9:5-81
23-->[:flutter_local_notifications] AndroidManifest.xml:9:22-78
24    <uses-permission android:name="com.google.android.c2dm.permission.RECEIVE" />
24-->[com.google.firebase:firebase-messaging:22.0.0] AndroidManifest.xml:25:5-82
24-->[com.google.firebase:firebase-messaging:22.0.0] AndroidManifest.xml:25:22-79
25    <uses-permission android:name="com.google.android.finsky.permission.BIND_GET_INSTALL_REFERRER_SERVICE" />
25-->[com.google.android.gms:play-services-measurement:19.0.1] AndroidManifest.xml:26:5-110
25-->[com.google.android.gms:play-services-measurement:19.0.1] AndroidManifest.xml:26:22-107
26
27    <uses-feature
27-->[com.google.android.gms:play-services-maps:17.0.0] AndroidManifest.xml:26:5-28:35
28        android:glEsVersion="0x00020000"
28-->[com.google.android.gms:play-services-maps:17.0.0] AndroidManifest.xml:27:9-41
29        android:required="true" />
29-->[com.google.android.gms:play-services-maps:17.0.0] AndroidManifest.xml:28:9-32
30
31    <application
31-->src\main\AndroidManifest.xml:10:5-56:19
32        android:name="io.flutter.app.FlutterApplication"
32-->src\main\AndroidManifest.xml:11:9-57
33        android:appComponentFactory="androidx.core.app.CoreComponentFactory"
33-->[androidx.core:core:1.3.2] AndroidManifest.xml:24:18-86
34        android:debuggable="true"
35        android:icon="@mipmap/ic_launcher"
35-->src\main\AndroidManifest.xml:13:9-43
36        android:label="AlertUs"
36-->src\main\AndroidManifest.xml:12:9-32
37        android:usesCleartextTraffic="true" >
37-->[:cloud_functions] AndroidManifest.xml:9:9-44
38        <activity
38-->src\main\AndroidManifest.xml:14:9-48:20
39            android:name="com.bytx.firebasetest.MainActivity"
39-->src\main\AndroidManifest.xml:15:13-41
40            android:configChanges="orientation|keyboardHidden|keyboard|screenSize|smallestScreenSize|locale|layoutDirection|fontScale|screenLayout|density|uiMode"
40-->src\main\AndroidManifest.xml:18:13-163
41            android:hardwareAccelerated="true"
41-->src\main\AndroidManifest.xml:19:13-47
42            android:launchMode="singleTop"
42-->src\main\AndroidManifest.xml:16:13-43
43            android:showWhenLocked="true"
43-->src\main\AndroidManifest.xml:21:13-42
44            android:theme="@style/LaunchTheme"
44-->src\main\AndroidManifest.xml:17:13-47
45            android:turnScreenOn="true"
45-->src\main\AndroidManifest.xml:22:13-40
46            android:windowSoftInputMode="adjustResize" >
46-->src\main\AndroidManifest.xml:20:13-55
47
48            <!--
49                 Specifies an Android theme to apply to this Activity as soon as
50                 the Android process has started. This theme is visible to the user
51                 while the Flutter UI initializes. After that, this theme continues
52                 to determine the Window background behind the Flutter UI.
53            -->
54            <meta-data
54-->src\main\AndroidManifest.xml:27:13-30:17
55                android:name="io.flutter.embedding.android.NormalTheme"
55-->src\main\AndroidManifest.xml:28:15-70
56                android:resource="@style/NormalTheme" />
56-->src\main\AndroidManifest.xml:29:15-52
57            <!--
58                 Displays an Android View that continues showing the launch screen
59                 Drawable until Flutter paints its first frame, then this splash
60                 screen fades out. A splash screen is useful to avoid any visual
61                 gap between the end of Android's launch screen and the painting of
62                 Flutter's first frame.
63            -->
64            <meta-data
64-->src\main\AndroidManifest.xml:36:13-39:17
65                android:name="io.flutter.embedding.android.SplashScreenDrawable"
65-->src\main\AndroidManifest.xml:37:15-79
66                android:resource="@drawable/launch_background" />
66-->src\main\AndroidManifest.xml:38:15-61
67
68            <intent-filter>
68-->src\main\AndroidManifest.xml:40:13-43:29
69                <action android:name="android.intent.action.MAIN" />
69-->src\main\AndroidManifest.xml:41:17-68
69-->src\main\AndroidManifest.xml:41:25-66
70
71                <category android:name="android.intent.category.LAUNCHER" />
71-->src\main\AndroidManifest.xml:42:17-76
71-->src\main\AndroidManifest.xml:42:27-74
72            </intent-filter>
73            <intent-filter>
73-->src\main\AndroidManifest.xml:44:14-47:29
74                <action android:name="FLUTTER_NOTIFICATION_CLICK" />
74-->src\main\AndroidManifest.xml:45:17-69
74-->src\main\AndroidManifest.xml:45:25-66
75
76                <category android:name="android.intent.category.DEFAULT" />
76-->src\main\AndroidManifest.xml:46:17-76
76-->src\main\AndroidManifest.xml:46:27-73
77            </intent-filter>
78        </activity>
79        <!--
80             Don't delete the meta-data below.
81             This is used by the Flutter tool to generate GeneratedPluginRegistrant.java
82        -->
83        <meta-data
83-->src\main\AndroidManifest.xml:51:9-53:33
84            android:name="flutterEmbedding"
84-->src\main\AndroidManifest.xml:52:13-44
85            android:value="2" />
85-->src\main\AndroidManifest.xml:53:13-30
86        <meta-data
86-->src\main\AndroidManifest.xml:54:13-55:72
87            android:name="com.google.android.geo.API_KEY"
87-->src\main\AndroidManifest.xml:54:24-69
88            android:value="AIzaSyDmHM-IakxXdJqN59m-rYM-nBjQueCDam8" />
88-->src\main\AndroidManifest.xml:55:15-70
89
90        <service
90-->[:cloud_firestore] AndroidManifest.xml:8:9-12:19
91            android:name="com.google.firebase.components.ComponentDiscoveryService"
91-->[:cloud_firestore] AndroidManifest.xml:8:18-89
92            android:directBootAware="true"
92-->[com.google.firebase:firebase-common:20.0.0] AndroidManifest.xml:35:13-43
93            android:exported="false" >
93-->[com.google.firebase:firebase-analytics-ktx:19.0.1] AndroidManifest.xml:10:13-37
94            <meta-data
94-->[:cloud_firestore] AndroidManifest.xml:9:13-11:85
95                android:name="com.google.firebase.components:io.flutter.plugins.firebase.firestore.FlutterFirebaseFirestoreRegistrar"
95-->[:cloud_firestore] AndroidManifest.xml:10:17-134
96                android:value="com.google.firebase.components.ComponentRegistrar" />
96-->[:cloud_firestore] AndroidManifest.xml:11:17-82
97            <meta-data
97-->[:cloud_functions] AndroidManifest.xml:12:13-14:85
98                android:name="com.google.firebase.components:io.flutter.plugins.firebase.functions.FlutterFirebaseAppRegistrar"
98-->[:cloud_functions] AndroidManifest.xml:13:17-128
99                android:value="com.google.firebase.components.ComponentRegistrar" />
99-->[:cloud_functions] AndroidManifest.xml:14:17-82
100            <meta-data
100-->[:firebase_auth] AndroidManifest.xml:9:13-11:85
101                android:name="com.google.firebase.components:io.flutter.plugins.firebase.auth.FlutterFirebaseAuthRegistrar"
101-->[:firebase_auth] AndroidManifest.xml:10:17-124
102                android:value="com.google.firebase.components.ComponentRegistrar" />
102-->[:firebase_auth] AndroidManifest.xml:11:17-82
103            <meta-data
103-->[:firebase_messaging] AndroidManifest.xml:34:13-36:85
104                android:name="com.google.firebase.components:io.flutter.plugins.firebase.messaging.FlutterFirebaseAppRegistrar"
104-->[:firebase_messaging] AndroidManifest.xml:35:17-128
105                android:value="com.google.firebase.components.ComponentRegistrar" />
105-->[:firebase_messaging] AndroidManifest.xml:36:17-82
106            <meta-data
106-->[:firebase_core] AndroidManifest.xml:9:13-11:85
107                android:name="com.google.firebase.components:io.flutter.plugins.firebase.core.FlutterFirebaseCoreRegistrar"
107-->[:firebase_core] AndroidManifest.xml:10:17-124
108                android:value="com.google.firebase.components.ComponentRegistrar" />
108-->[:firebase_core] AndroidManifest.xml:11:17-82
109            <meta-data
109-->[com.google.firebase:firebase-analytics-ktx:19.0.1] AndroidManifest.xml:11:13-13:85
110                android:name="com.google.firebase.components:com.google.firebase.analytics.ktx.FirebaseAnalyticsKtxRegistrar"
110-->[com.google.firebase:firebase-analytics-ktx:19.0.1] AndroidManifest.xml:12:17-126
111                android:value="com.google.firebase.components.ComponentRegistrar" />
111-->[com.google.firebase:firebase-analytics-ktx:19.0.1] AndroidManifest.xml:13:17-82
112            <meta-data
112-->[com.google.firebase:firebase-common-ktx:20.0.0] AndroidManifest.xml:15:13-17:85
113                android:name="com.google.firebase.components:com.google.firebase.ktx.FirebaseCommonKtxRegistrar"
113-->[com.google.firebase:firebase-common-ktx:20.0.0] AndroidManifest.xml:16:17-113
114                android:value="com.google.firebase.components.ComponentRegistrar" />
114-->[com.google.firebase:firebase-common-ktx:20.0.0] AndroidManifest.xml:17:17-82
115            <meta-data
115-->[com.google.firebase:firebase-messaging:22.0.0] AndroidManifest.xml:52:13-54:85
116                android:name="com.google.firebase.components:com.google.firebase.messaging.FirebaseMessagingRegistrar"
116-->[com.google.firebase:firebase-messaging:22.0.0] AndroidManifest.xml:53:17-119
117                android:value="com.google.firebase.components.ComponentRegistrar" />
117-->[com.google.firebase:firebase-messaging:22.0.0] AndroidManifest.xml:54:17-82
118            <meta-data
118-->[com.google.firebase:firebase-functions:20.0.0] AndroidManifest.xml:18:13-20:85
119                android:name="com.google.firebase.components:com.google.firebase.functions.FunctionsRegistrar"
119-->[com.google.firebase:firebase-functions:20.0.0] AndroidManifest.xml:19:17-111
120                android:value="com.google.firebase.components.ComponentRegistrar" />
120-->[com.google.firebase:firebase-functions:20.0.0] AndroidManifest.xml:20:17-82
121            <meta-data
121-->[com.google.firebase:firebase-iid:21.1.0] AndroidManifest.xml:32:13-34:85
122                android:name="com.google.firebase.components:com.google.firebase.iid.Registrar"
122-->[com.google.firebase:firebase-iid:21.1.0] AndroidManifest.xml:33:17-96
123                android:value="com.google.firebase.components.ComponentRegistrar" />
123-->[com.google.firebase:firebase-iid:21.1.0] AndroidManifest.xml:34:17-82
124            <meta-data
124-->[com.google.firebase:firebase-datatransport:18.0.0] AndroidManifest.xml:28:13-30:85
125                android:name="com.google.firebase.components:com.google.firebase.datatransport.TransportRegistrar"
125-->[com.google.firebase:firebase-datatransport:18.0.0] AndroidManifest.xml:29:17-115
126                android:value="com.google.firebase.components.ComponentRegistrar" />
126-->[com.google.firebase:firebase-datatransport:18.0.0] AndroidManifest.xml:30:17-82
127            <meta-data
127-->[com.google.firebase:firebase-auth:21.0.1] AndroidManifest.xml:77:13-79:85
128                android:name="com.google.firebase.components:com.google.firebase.auth.FirebaseAuthRegistrar"
128-->[com.google.firebase:firebase-auth:21.0.1] AndroidManifest.xml:78:17-109
129                android:value="com.google.firebase.components.ComponentRegistrar" />
129-->[com.google.firebase:firebase-auth:21.0.1] AndroidManifest.xml:79:17-82
130            <meta-data
130-->[com.google.firebase:firebase-firestore:23.0.3] AndroidManifest.xml:20:13-22:85
131                android:name="com.google.firebase.components:com.google.firebase.firestore.FirestoreRegistrar"
131-->[com.google.firebase:firebase-firestore:23.0.3] AndroidManifest.xml:21:17-111
132                android:value="com.google.firebase.components.ComponentRegistrar" />
132-->[com.google.firebase:firebase-firestore:23.0.3] AndroidManifest.xml:22:17-82
133            <meta-data
133-->[com.google.android.gms:play-services-measurement-api:19.0.1] AndroidManifest.xml:30:13-32:85
134                android:name="com.google.firebase.components:com.google.firebase.analytics.connector.internal.AnalyticsConnectorRegistrar"
134-->[com.google.android.gms:play-services-measurement-api:19.0.1] AndroidManifest.xml:31:17-139
135                android:value="com.google.firebase.components.ComponentRegistrar" />
135-->[com.google.android.gms:play-services-measurement-api:19.0.1] AndroidManifest.xml:32:17-82
136            <meta-data
136-->[com.google.firebase:firebase-installations:17.0.0] AndroidManifest.xml:18:13-20:85
137                android:name="com.google.firebase.components:com.google.firebase.installations.FirebaseInstallationsRegistrar"
137-->[com.google.firebase:firebase-installations:17.0.0] AndroidManifest.xml:19:17-127
138                android:value="com.google.firebase.components.ComponentRegistrar" />
138-->[com.google.firebase:firebase-installations:17.0.0] AndroidManifest.xml:20:17-82
139        </service>
140        <service
140-->[:firebase_messaging] AndroidManifest.xml:12:9-15:72
141            android:name="io.flutter.plugins.firebase.messaging.FlutterFirebaseMessagingBackgroundService"
141-->[:firebase_messaging] AndroidManifest.xml:13:13-107
142            android:exported="false"
142-->[:firebase_messaging] AndroidManifest.xml:14:13-37
143            android:permission="android.permission.BIND_JOB_SERVICE" />
143-->[:firebase_messaging] AndroidManifest.xml:15:13-69
144        <service
144-->[:firebase_messaging] AndroidManifest.xml:16:9-22:19
145            android:name="io.flutter.plugins.firebase.messaging.FlutterFirebaseMessagingService"
145-->[:firebase_messaging] AndroidManifest.xml:17:13-97
146            android:exported="false" >
146-->[:firebase_messaging] AndroidManifest.xml:18:13-37
147            <intent-filter>
147-->[:firebase_messaging] AndroidManifest.xml:19:13-21:29
148                <action android:name="com.google.firebase.MESSAGING_EVENT" />
148-->[:firebase_messaging] AndroidManifest.xml:20:17-78
148-->[:firebase_messaging] AndroidManifest.xml:20:25-75
149            </intent-filter>
150        </service>
151
152        <receiver
152-->[:firebase_messaging] AndroidManifest.xml:24:9-31:20
153            android:name="io.flutter.plugins.firebase.messaging.FlutterFirebaseMessagingReceiver"
153-->[:firebase_messaging] AndroidManifest.xml:25:13-98
154            android:exported="true"
154-->[:firebase_messaging] AndroidManifest.xml:26:13-36
155            android:permission="com.google.android.c2dm.permission.SEND" >
155-->[:firebase_messaging] AndroidManifest.xml:27:13-73
156            <intent-filter>
156-->[:firebase_messaging] AndroidManifest.xml:28:13-30:29
157                <action android:name="com.google.android.c2dm.intent.RECEIVE" />
157-->[:firebase_messaging] AndroidManifest.xml:29:17-81
157-->[:firebase_messaging] AndroidManifest.xml:29:25-78
158            </intent-filter>
159        </receiver>
160
161        <provider
161-->[:firebase_messaging] AndroidManifest.xml:39:9-43:38
162            android:name="io.flutter.plugins.firebase.messaging.FlutterFirebaseMessagingInitProvider"
162-->[:firebase_messaging] AndroidManifest.xml:40:13-102
163            android:authorities="com.bytx.firebasetest.flutterfirebasemessaginginitprovider"
163-->[:firebase_messaging] AndroidManifest.xml:41:13-88
164            android:exported="false"
164-->[:firebase_messaging] AndroidManifest.xml:42:13-37
165            android:initOrder="99" />
165-->[:firebase_messaging] AndroidManifest.xml:43:13-35
166
167        <service
167-->[:location] AndroidManifest.xml:11:9-15:56
168            android:name="com.lyokone.location.FlutterLocationService"
168-->[:location] AndroidManifest.xml:12:13-71
169            android:enabled="true"
169-->[:location] AndroidManifest.xml:13:13-35
170            android:exported="false"
170-->[:location] AndroidManifest.xml:14:13-37
171            android:foregroundServiceType="location" />
171-->[:location] AndroidManifest.xml:15:13-53
172
173        <receiver android:name="com.dexterous.flutterlocalnotifications.ScheduledNotificationReceiver" />
173-->[:flutter_local_notifications] AndroidManifest.xml:12:9-106
173-->[:flutter_local_notifications] AndroidManifest.xml:12:19-103
174        <receiver android:name="com.dexterous.flutterlocalnotifications.ScheduledNotificationBootReceiver" >
174-->[:flutter_local_notifications] AndroidManifest.xml:13:9-20:20
174-->[:flutter_local_notifications] AndroidManifest.xml:13:19-107
175            <intent-filter>
175-->[:flutter_local_notifications] AndroidManifest.xml:14:13-19:29
176                <action android:name="android.intent.action.BOOT_COMPLETED" />
176-->[:flutter_local_notifications] AndroidManifest.xml:15:17-79
176-->[:flutter_local_notifications] AndroidManifest.xml:15:25-76
177                <action android:name="android.intent.action.MY_PACKAGE_REPLACED" />
177-->[:flutter_local_notifications] AndroidManifest.xml:16:17-84
177-->[:flutter_local_notifications] AndroidManifest.xml:16:25-81
178                <action android:name="android.intent.action.QUICKBOOT_POWERON" />
178-->[:flutter_local_notifications] AndroidManifest.xml:17:17-82
178-->[:flutter_local_notifications] AndroidManifest.xml:17:25-79
179                <action android:name="com.htc.intent.action.QUICKBOOT_POWERON" />
179-->[:flutter_local_notifications] AndroidManifest.xml:18:17-82
179-->[:flutter_local_notifications] AndroidManifest.xml:18:25-79
180            </intent-filter>
181        </receiver>
182
183        <activity
183-->[:url_launcher] AndroidManifest.xml:8:9-11:74
184            android:name="io.flutter.plugins.urllauncher.WebViewActivity"
184-->[:url_launcher] AndroidManifest.xml:9:13-74
185            android:exported="false"
185-->[:url_launcher] AndroidManifest.xml:10:13-37
186            android:theme="@android:style/Theme.NoTitleBar.Fullscreen" />
186-->[:url_launcher] AndroidManifest.xml:11:13-71
187
188        <receiver
188-->[com.google.firebase:firebase-messaging:22.0.0] AndroidManifest.xml:28:9-35:20
189            android:name="com.google.firebase.iid.FirebaseInstanceIdReceiver"
189-->[com.google.firebase:firebase-messaging:22.0.0] AndroidManifest.xml:29:13-78
190            android:exported="true"
190-->[com.google.firebase:firebase-messaging:22.0.0] AndroidManifest.xml:30:13-36
191            android:permission="com.google.android.c2dm.permission.SEND" >
191-->[com.google.firebase:firebase-messaging:22.0.0] AndroidManifest.xml:31:13-73
192            <intent-filter>
192-->[:firebase_messaging] AndroidManifest.xml:28:13-30:29
193                <action android:name="com.google.android.c2dm.intent.RECEIVE" />
193-->[:firebase_messaging] AndroidManifest.xml:29:17-81
193-->[:firebase_messaging] AndroidManifest.xml:29:25-78
194            </intent-filter>
195        </receiver>
196        <!--
197             FirebaseMessagingService performs security checks at runtime,
198             but set to not exported to explicitly avoid allowing another app to call it.
199        -->
200        <service
200-->[com.google.firebase:firebase-messaging:22.0.0] AndroidManifest.xml:41:9-48:19
201            android:name="com.google.firebase.messaging.FirebaseMessagingService"
201-->[com.google.firebase:firebase-messaging:22.0.0] AndroidManifest.xml:42:13-82
202            android:directBootAware="true"
202-->[com.google.firebase:firebase-messaging:22.0.0] AndroidManifest.xml:43:13-43
203            android:exported="false" >
203-->[com.google.firebase:firebase-messaging:22.0.0] AndroidManifest.xml:44:13-37
204            <intent-filter android:priority="-500" >
204-->[:firebase_messaging] AndroidManifest.xml:19:13-21:29
205                <action android:name="com.google.firebase.MESSAGING_EVENT" />
205-->[:firebase_messaging] AndroidManifest.xml:20:17-78
205-->[:firebase_messaging] AndroidManifest.xml:20:25-75
206            </intent-filter>
207        </service>
208        <service
208-->[com.google.android.datatransport:transport-backend-cct:3.0.0] AndroidManifest.xml:29:9-35:19
209            android:name="com.google.android.datatransport.runtime.backends.TransportBackendDiscovery"
209-->[com.google.android.datatransport:transport-backend-cct:3.0.0] AndroidManifest.xml:30:13-103
210            android:exported="false" >
210-->[com.google.android.datatransport:transport-backend-cct:3.0.0] AndroidManifest.xml:31:13-37
211            <meta-data
211-->[com.google.android.datatransport:transport-backend-cct:3.0.0] AndroidManifest.xml:32:13-34:39
212                android:name="backend:com.google.android.datatransport.cct.CctBackendFactory"
212-->[com.google.android.datatransport:transport-backend-cct:3.0.0] AndroidManifest.xml:33:17-94
213                android:value="cct" />
213-->[com.google.android.datatransport:transport-backend-cct:3.0.0] AndroidManifest.xml:34:17-36
214        </service>
215
216        <activity
216-->[com.google.firebase:firebase-auth:21.0.1] AndroidManifest.xml:27:9-44:20
217            android:name="com.google.firebase.auth.internal.GenericIdpActivity"
217-->[com.google.firebase:firebase-auth:21.0.1] AndroidManifest.xml:28:13-80
218            android:excludeFromRecents="true"
218-->[com.google.firebase:firebase-auth:21.0.1] AndroidManifest.xml:29:13-46
219            android:exported="true"
219-->[com.google.firebase:firebase-auth:21.0.1] AndroidManifest.xml:30:13-36
220            android:launchMode="singleTask"
220-->[com.google.firebase:firebase-auth:21.0.1] AndroidManifest.xml:31:13-44
221            android:theme="@android:style/Theme.Translucent.NoTitleBar" >
221-->[com.google.firebase:firebase-auth:21.0.1] AndroidManifest.xml:32:13-72
222            <intent-filter>
222-->[com.google.firebase:firebase-auth:21.0.1] AndroidManifest.xml:33:13-43:29
223                <action android:name="android.intent.action.VIEW" />
223-->[com.google.firebase:firebase-auth:21.0.1] AndroidManifest.xml:34:17-69
223-->[com.google.firebase:firebase-auth:21.0.1] AndroidManifest.xml:34:25-66
224
225                <category android:name="android.intent.category.DEFAULT" />
225-->src\main\AndroidManifest.xml:46:17-76
225-->src\main\AndroidManifest.xml:46:27-73
226                <category android:name="android.intent.category.BROWSABLE" />
226-->[com.google.firebase:firebase-auth:21.0.1] AndroidManifest.xml:37:17-78
226-->[com.google.firebase:firebase-auth:21.0.1] AndroidManifest.xml:37:27-75
227
228                <data
228-->[com.google.firebase:firebase-auth:21.0.1] AndroidManifest.xml:39:17-42:51
229                    android:host="firebase.auth"
229-->[com.google.firebase:firebase-auth:21.0.1] AndroidManifest.xml:40:21-49
230                    android:path="/"
230-->[com.google.firebase:firebase-auth:21.0.1] AndroidManifest.xml:41:21-37
231                    android:scheme="genericidp" />
231-->[com.google.firebase:firebase-auth:21.0.1] AndroidManifest.xml:42:21-48
232            </intent-filter>
233        </activity>
234        <activity
234-->[com.google.firebase:firebase-auth:21.0.1] AndroidManifest.xml:45:9-62:20
235            android:name="com.google.firebase.auth.internal.RecaptchaActivity"
235-->[com.google.firebase:firebase-auth:21.0.1] AndroidManifest.xml:46:13-79
236            android:excludeFromRecents="true"
236-->[com.google.firebase:firebase-auth:21.0.1] AndroidManifest.xml:47:13-46
237            android:exported="true"
237-->[com.google.firebase:firebase-auth:21.0.1] AndroidManifest.xml:48:13-36
238            android:launchMode="singleTask"
238-->[com.google.firebase:firebase-auth:21.0.1] AndroidManifest.xml:49:13-44
239            android:theme="@android:style/Theme.Translucent.NoTitleBar" >
239-->[com.google.firebase:firebase-auth:21.0.1] AndroidManifest.xml:50:13-72
240            <intent-filter>
240-->[com.google.firebase:firebase-auth:21.0.1] AndroidManifest.xml:51:13-61:29
241                <action android:name="android.intent.action.VIEW" />
241-->[com.google.firebase:firebase-auth:21.0.1] AndroidManifest.xml:34:17-69
241-->[com.google.firebase:firebase-auth:21.0.1] AndroidManifest.xml:34:25-66
242
243                <category android:name="android.intent.category.DEFAULT" />
243-->src\main\AndroidManifest.xml:46:17-76
243-->src\main\AndroidManifest.xml:46:27-73
244                <category android:name="android.intent.category.BROWSABLE" />
244-->[com.google.firebase:firebase-auth:21.0.1] AndroidManifest.xml:37:17-78
244-->[com.google.firebase:firebase-auth:21.0.1] AndroidManifest.xml:37:27-75
245
246                <data
246-->[com.google.firebase:firebase-auth:21.0.1] AndroidManifest.xml:39:17-42:51
247                    android:host="firebase.auth"
247-->[com.google.firebase:firebase-auth:21.0.1] AndroidManifest.xml:40:21-49
248                    android:path="/"
248-->[com.google.firebase:firebase-auth:21.0.1] AndroidManifest.xml:41:21-37
249                    android:scheme="recaptcha" />
249-->[com.google.firebase:firebase-auth:21.0.1] AndroidManifest.xml:42:21-48
250            </intent-filter>
251        </activity>
252
253        <service
253-->[com.google.firebase:firebase-auth:21.0.1] AndroidManifest.xml:64:9-73:19
254            android:name="com.google.firebase.auth.api.fallback.service.FirebaseAuthFallbackService"
254-->[com.google.firebase:firebase-auth:21.0.1] AndroidManifest.xml:65:13-101
255            android:enabled="true"
255-->[com.google.firebase:firebase-auth:21.0.1] AndroidManifest.xml:66:13-35
256            android:exported="false" >
256-->[com.google.firebase:firebase-auth:21.0.1] AndroidManifest.xml:67:13-37
257            <intent-filter>
257-->[com.google.firebase:firebase-auth:21.0.1] AndroidManifest.xml:68:13-72:29
258                <action android:name="com.google.firebase.auth.api.gms.service.START" />
258-->[com.google.firebase:firebase-auth:21.0.1] AndroidManifest.xml:69:17-89
258-->[com.google.firebase:firebase-auth:21.0.1] AndroidManifest.xml:69:25-86
259
260                <category android:name="android.intent.category.DEFAULT" />
260-->src\main\AndroidManifest.xml:46:17-76
260-->src\main\AndroidManifest.xml:46:27-73
261            </intent-filter>
262        </service>
263
264        <provider
264-->[com.google.firebase:firebase-common:20.0.0] AndroidManifest.xml:26:9-31:39
265            android:name="com.google.firebase.provider.FirebaseInitProvider"
265-->[com.google.firebase:firebase-common:20.0.0] AndroidManifest.xml:27:13-77
266            android:authorities="com.bytx.firebasetest.firebaseinitprovider"
266-->[com.google.firebase:firebase-common:20.0.0] AndroidManifest.xml:28:13-72
267            android:directBootAware="true"
267-->[com.google.firebase:firebase-common:20.0.0] AndroidManifest.xml:29:13-43
268            android:exported="false"
268-->[com.google.firebase:firebase-common:20.0.0] AndroidManifest.xml:30:13-37
269            android:initOrder="100" />
269-->[com.google.firebase:firebase-common:20.0.0] AndroidManifest.xml:31:13-36
270
271        <receiver
271-->[com.google.android.gms:play-services-measurement:19.0.1] AndroidManifest.xml:29:9-33:20
272            android:name="com.google.android.gms.measurement.AppMeasurementReceiver"
272-->[com.google.android.gms:play-services-measurement:19.0.1] AndroidManifest.xml:30:13-85
273            android:enabled="true"
273-->[com.google.android.gms:play-services-measurement:19.0.1] AndroidManifest.xml:31:13-35
274            android:exported="false" >
274-->[com.google.android.gms:play-services-measurement:19.0.1] AndroidManifest.xml:32:13-37
275        </receiver>
276
277        <service
277-->[com.google.android.gms:play-services-measurement:19.0.1] AndroidManifest.xml:35:9-38:40
278            android:name="com.google.android.gms.measurement.AppMeasurementService"